[debug] [2024-07-06T09:48:08.850Z] ----------------------------------------------------------------------
[debug] [2024-07-06T09:48:08.852Z] Command:       /Users/pabloconejos/.nvm/versions/node/v20.9.0/bin/node /Users/pabloconejos/.nvm/versions/node/v20.9.0/bin/firebase deploy
[debug] [2024-07-06T09:48:08.852Z] CLI Version:   13.11.4
[debug] [2024-07-06T09:48:08.852Z] Platform:      darwin
[debug] [2024-07-06T09:48:08.852Z] Node Version:  v20.9.0
[debug] [2024-07-06T09:48:08.852Z] Time:          Sat Jul 06 2024 11:48:08 GMT+0200 (Central European Summer Time)
[debug] [2024-07-06T09:48:08.852Z] ----------------------------------------------------------------------
[debug] 
[debug] [2024-07-06T09:48:08.854Z] >>> [apiv2][query] GET https://firebase-public.firebaseio.com/cli.json [none]
[debug] [2024-07-06T09:48:08.920Z] > command requires scopes: ["email","openid","https://www.googleapis.com/auth/cloudplatformprojects.readonly","https://www.googleapis.com/auth/firebase","https://www.googleapis.com/auth/cloud-platform"]
[debug] [2024-07-06T09:48:08.921Z] > authorizing via signed-in user (konezk46@gmail.com)
[debug] [2024-07-06T09:48:08.921Z] [iam] checking project escribadesigns-d7b17 for permissions ["firebase.projects.get","firebasehosting.sites.update"]
[debug] [2024-07-06T09:48:08.921Z] > refreshing access token with scopes: []
[debug] [2024-07-06T09:48:08.922Z] >>> [apiv2][query] POST https://www.googleapis.com/oauth2/v3/token [none]
[debug] [2024-07-06T09:48:08.922Z] >>> [apiv2][body] POST https://www.googleapis.com/oauth2/v3/token [omitted]
[debug] [2024-07-06T09:48:09.085Z] <<< [apiv2][status] POST https://www.googleapis.com/oauth2/v3/token 200
[debug] [2024-07-06T09:48:09.086Z] <<< [apiv2][body] POST https://www.googleapis.com/oauth2/v3/token [omitted]
[debug] [2024-07-06T09:48:09.097Z] >>> [apiv2][query] POST https://cloudresourcemanager.googleapis.com/v1/projects/escribadesigns-d7b17:testIamPermissions [none]
[debug] [2024-07-06T09:48:09.097Z] >>> [apiv2][(partial)header] POST https://cloudresourcemanager.googleapis.com/v1/projects/escribadesigns-d7b17:testIamPermissions x-goog-quota-user=projects/escribadesigns-d7b17
[debug] [2024-07-06T09:48:09.097Z] >>> [apiv2][body] POST https://cloudresourcemanager.googleapis.com/v1/projects/escribadesigns-d7b17:testIamPermissions {"permissions":["firebase.projects.get","firebasehosting.sites.update"]}
[debug] [2024-07-06T09:48:09.199Z] <<< [apiv2][status] GET https://firebase-public.firebaseio.com/cli.json 200
[debug] [2024-07-06T09:48:09.199Z] <<< [apiv2][body] GET https://firebase-public.firebaseio.com/cli.json {"cloudBuildErrorAfter":1594252800000,"cloudBuildWarnAfter":1590019200000,"defaultNode10After":1594252800000,"minVersion":"3.0.5","node8DeploysDisabledAfter":1613390400000,"node8RuntimeDisabledAfter":1615809600000,"node8WarnAfter":1600128000000}
[debug] [2024-07-06T09:48:09.919Z] <<< [apiv2][status] POST https://cloudresourcemanager.googleapis.com/v1/projects/escribadesigns-d7b17:testIamPermissions 200
[debug] [2024-07-06T09:48:09.920Z] <<< [apiv2][body] POST https://cloudresourcemanager.googleapis.com/v1/projects/escribadesigns-d7b17:testIamPermissions {}
[debug] [2024-07-06T09:48:09.920Z] [iam] error while checking permissions, command may fail: FirebaseError: Authorization failed. This account is missing the following required permissions on project escribadesigns-d7b17:

  firebase.projects.get
  firebasehosting.sites.update
[debug] [2024-07-06T09:48:09.921Z] >>> [apiv2][query] GET https://firebase.googleapis.com/v1beta1/projects/escribadesigns-d7b17 [none]
[debug] [2024-07-06T09:48:10.296Z] <<< [apiv2][status] GET https://firebase.googleapis.com/v1beta1/projects/escribadesigns-d7b17 403
[debug] [2024-07-06T09:48:10.296Z] <<< [apiv2][body] GET https://firebase.googleapis.com/v1beta1/projects/escribadesigns-d7b17 {"error":{"code":403,"message":"The caller does not have permission","status":"PERMISSION_DENIED"}}
[debug] [2024-07-06T09:48:10.298Z] HTTP Error: 403, The caller does not have permission
[error] 
[error] Error: Assertion failed: resolving hosting target of a site with no site name or target name. This should have caused an error earlier
